[2023-08-13 12:12:56] [1] [INFO] 
============= Basic configuration =============
env=DEMO
=========== Encryptor configuration ===========
crypto_key_value=*****
=========== WebDriver configuration ===========
url=https://www.demo.guru99.com/V4/index.php
selenium_url=http://localhost:4444/wd/hub
auto_screenshot=true
localization_encoding=UTF-8
language=en_US
-------------- Driver capabilities ------------
browserName=chrome
===============================================

[2023-08-13 12:12:56] [1] [WARN] Reporting disabled: using no op test run registrar
[2023-08-13 12:12:57] [1] [INFO] [Utils] MethodGroupsHelper.collectMethodsByGroup() took 0 ms.
[2023-08-13 12:12:57] [1] [INFO] [Utils] MethodGroupsHelper.sortMethods() took 0 ms.
[2023-08-13 12:12:57] [1] [INFO] [Utils] MethodGroupsHelper.collectMethodsByGroup() took 0 ms.
[2023-08-13 12:12:57] [1] [INFO] [Utils] MethodGroupsHelper.sortMethods() took 0 ms.
[2023-08-13 12:12:57] [1] [INFO] [Utils] MethodGroupsHelper.collectMethodsByGroup() took 0 ms.
[2023-08-13 12:12:57] [1] [INFO] [Utils] MethodGroupsHelper.sortMethods() took 0 ms.
[2023-08-13 12:12:57] [1] [INFO] [Utils] MethodGroupsHelper.collectMethodsByGroup() took 0 ms.
[2023-08-13 12:12:57] [1] [INFO] [Utils] MethodGroupsHelper.sortMethods() took 0 ms.
[2023-08-13 12:12:57] [1] [INFO] [Utils] MethodGroupsHelper.collectMethodsByGroup() took 0 ms.
[2023-08-13 12:12:57] [1] [INFO] [Utils] MethodGroupsHelper.sortMethods() took 0 ms.
[2023-08-13 12:12:57] [1] [INFO] [Utils] MethodGroupsHelper.collectMethodsByGroup() took 0 ms.
[2023-08-13 12:12:57] [1] [INFO] [Utils] MethodGroupsHelper.sortMethods() took 0 ms.
[2023-08-13 12:12:57] [1] [INFO] [Utils] MethodGroupsHelper.collectMethodsByGroup() took 0 ms.
[2023-08-13 12:12:57] [1] [INFO] [Utils] MethodGroupsHelper.sortMethods() took 0 ms.
[2023-08-13 12:12:57] [1] [INFO] [Utils] MethodGroupsHelper.collectMethodsByGroup() took 0 ms.
[2023-08-13 12:12:57] [1] [INFO] [Utils] MethodGroupsHelper.sortMethods() took 0 ms.
[2023-08-13 12:12:57] [1] [INFO] [Utils] MethodGroupsHelper.collectMethodsByGroup() took 0 ms.
[2023-08-13 12:12:57] [1] [INFO] [Utils] MethodGroupsHelper.sortMethods() took 0 ms.
[2023-08-13 12:12:57] [1] [INFO] [Utils] MethodGroupsHelper.collectMethodsByGroup() took 0 ms.
[2023-08-13 12:12:57] [1] [INFO] [Utils] MethodGroupsHelper.sortMethods() took 3 ms.
[2023-08-13 12:12:57] [1] [INFO] [Utils] MethodGroupsHelper.collectMethodsByGroup() took 0 ms.
[2023-08-13 12:12:57] [1] [INFO] [Utils] MethodGroupsHelper.sortMethods() took 0 ms.
[2023-08-13 12:12:57] [1] [INFO] [Utils] MethodGroupsHelper.collectMethodsByGroup() took 0 ms.
[2023-08-13 12:12:57] [1] [INFO] [Utils] MethodGroupsHelper.sortMethods() took 0 ms.
[2023-08-13 12:12:57] [1] [INFO] [Utils] MethodGroupsHelper.collectMethodsByGroup() took 1 ms.
[2023-08-13 12:12:57] [1] [INFO] [Utils] MethodGroupsHelper.sortMethods() took 0 ms.
[2023-08-13 12:12:57] [1] [INFO] [Utils] MethodGroupsHelper.collectMethodsByGroup() took 0 ms.
[2023-08-13 12:12:57] [1] [INFO] [Utils] MethodGroupsHelper.sortMethods() took 0 ms.
[2023-08-13 12:12:57] [1] [INFO] [Utils] MethodGroupsHelper.collectMethodsByGroup() took 0 ms.
[2023-08-13 12:12:57] [1] [INFO] [Utils] MethodGroupsHelper.sortMethods() took 0 ms.
[2023-08-13 12:12:57] [1] [INFO] [TestNG] Running:
  /private/var/folders/5v/jnxs71890ld_6fcl7vlc2sjh0000gn/T/testng-eclipse-1907315937/testng-customsuite.xml

[2023-08-13 12:12:57] [1] [INFO] Set thread-count=1
[2023-08-13 12:12:57] [1] [INFO] Set data-provider-thread-count=1
[2023-08-13 12:12:57] [1] [INFO] CARINA_CORE_VERSION: 1.1.3
[2023-08-13 12:12:57] [1] [INFO] [Utils] DynamicGraphHelper.createDynamicGraph() took 1 ms.
[2023-08-13 12:12:57] [1] [ERROR] TEST [Default test - testLoginDataDriven] FAILED at [20:12:57 2023-08-12] - 
[public void com.automation.practice.web.DemoGuru99SampleWebTest.testLoginDataDriven(java.util.List) throws java.lang.InterruptedException] has no parameters defined but was found to be using a data provider (either explicitly specified or inherited from class level annotation).
Data provider mismatch
Method: testLoginDataDriven([java.util.List<java.util.Map<java.lang.String, java.lang.String>> args])
Arguments: [(java.lang.String) mngr521282,(java.lang.String) mUtUsyt]

org.testng.internal.reflect.DataProviderMethodMatcher.getConformingArguments(DataProviderMethodMatcher.java:46)
org.testng.internal.Parameters.injectParameters(Parameters.java:909)
org.testng.internal.invokers.MethodRunner.runInParallel(MethodRunner.java:107)
org.testng.internal.invokers.TestInvoker$MethodInvocationAgent.invoke(TestInvoker.java:958)
org.testng.internal.invokers.TestInvoker.invokeTestMethods(TestInvoker.java:194)
org.testng.internal.invokers.TestMethodWorker.invokeTestMethods(TestMethodWorker.java:148)
org.testng.internal.invokers.TestMethodWorker.run(TestMethodWorker.java:128)
java.base/java.util.ArrayList.forEach(ArrayList.java:1511)
org.testng.TestRunner.privateRun(TestRunner.java:829)
org.testng.TestRunner.run(TestRunner.java:602)
org.testng.SuiteRunner.runTest(SuiteRunner.java:437)
org.testng.SuiteRunner.runSequentially(SuiteRunner.java:431)
org.testng.SuiteRunner.privateRun(SuiteRunner.java:391)
org.testng.SuiteRunner.run(SuiteRunner.java:330)
org.testng.SuiteRunnerWorker.runSuite(SuiteRunnerWorker.java:52)
org.testng.SuiteRunnerWorker.run(SuiteRunnerWorker.java:95)
org.testng.TestNG.runSuitesSequentially(TestNG.java:1256)
org.testng.TestNG.runSuitesLocally(TestNG.java:1176)
org.testng.TestNG.runSuites(TestNG.java:1099)
org.testng.TestNG.run(TestNG.java:1067)
org.testng.remote.AbstractRemoteTestNG.run(AbstractRemoteTestNG.java:115)
org.testng.remote.RemoteTestNG.initAndRun(RemoteTestNG.java:251)
org.testng.remote.RemoteTestNG.main(RemoteTestNG.java:77)
[2023-08-13 12:12:57] [1] [INFO] INFO: '**************** Test execution summary ****************'.
[2023-08-13 12:12:57] [1] [INFO] RESULT #1: TEST [Default test - testLoginDataDriven] FAIL [log=file:///Volumes/files/src/carina-automation-project/./reports/1691885576303/1691885576303/test.log]
[2023-08-13 12:12:57] [1] [INFO] [TestNG] Time taken by org.testng.internal.ExitCodeListener@1a4340f2: 0 ms
[2023-08-13 12:12:57] [1] [INFO] [TestNG] Time taken by org.testng.reporters.SuiteHTMLReporter@63019596: 4 ms
[2023-08-13 12:12:57] [1] [INFO] [TestNG] Time taken by org.testng.reporters.jq.Main@6f526f91: 14 ms
[2023-08-13 12:12:57] [1] [INFO] [TestNG] Time taken by org.testng.reporters.FailedReporter@2199e1a4: 4 ms
[2023-08-13 12:12:57] [1] [INFO] [TestNG] Time taken by org.testng.reporters.XMLReporter@17e7cc67: 3 ms
[2023-08-13 12:12:57] [1] [INFO] [TestNG] Time taken by org.testng.reporters.EmailableReporter2@7b0d88e0: 2 ms
[2023-08-13 12:12:57] [1] [INFO] [TestNG] Time taken by org.testng.reporters.JUnitReportReporter@483f19c0: 2 ms
