[2023-08-13 03:03:21] [1] [WARN] Reporting disabled: using no op test run registrar
[2023-08-13 03:03:21] [1] [INFO] TEST [Default test - testKeyboardAction] STARTED at [23:03:21 2023-08-12]
[2023-08-13 03:03:21] [1] [INFO] Starting driver session...
[2023-08-13 03:03:22] [1] [INFO] Driver session started.
[2023-08-13 03:03:22] [1] [INFO] INFO: opening url 'https://text-compare.com'
[2023-08-13 03:03:30] [1] [INFO] PASS: keys 'Testing Keyboard Actions' are sent to element 'textArea1'.
[2023-08-13 03:03:32] [1] [INFO] PASS: keys '' are sent to element 'textArea1'.
[2023-08-13 03:03:33] [1] [INFO] PASS: keys '' are sent to element 'textArea1'.
[2023-08-13 03:03:35] [1] [ERROR] TEST [Default test - testKeyboardAction] FAILED at [23:03:35 2023-08-12] - No enum constant org.openqa.selenium.Keys.a

java.base/java.lang.Enum.valueOf(Enum.java:273)
org.openqa.selenium.Keys.valueOf(Keys.java:28)
com.miscellaneous.desktop.TextCompare.performKeyboardAction(TextCompare.java:27)
com.automation.practice.web.KeyboardActionsTest.testKeyboardAction(KeyboardActionsTest.java:14)
java.base/jdk.internal.reflect.NativeMethodAccessorImpl.invoke0(Native Method)
java.base/jdk.internal.reflect.NativeMethodAccessorImpl.invoke(NativeMethodAccessorImpl.java:77)
java.base/jdk.internal.reflect.DelegatingMethodAccessorImpl.invoke(DelegatingMethodAccessorImpl.java:43)
java.base/java.lang.reflect.Method.invoke(Method.java:568)
org.testng.internal.invokers.MethodInvocationHelper.invokeMethod(MethodInvocationHelper.java:139)
org.testng.internal.invokers.TestInvoker.invokeMethod(TestInvoker.java:677)
org.testng.internal.invokers.TestInvoker.invokeTestMethod(TestInvoker.java:221)
org.testng.internal.invokers.MethodRunner.runInSequence(MethodRunner.java:50)
org.testng.internal.invokers.TestInvoker$MethodInvocationAgent.invoke(TestInvoker.java:969)
org.testng.internal.invokers.TestInvoker.invokeTestMethods(TestInvoker.java:194)
org.testng.internal.invokers.TestMethodWorker.invokeTestMethods(TestMethodWorker.java:148)
org.testng.internal.invokers.TestMethodWorker.run(TestMethodWorker.java:128)
java.base/java.util.ArrayList.forEach(ArrayList.java:1511)
org.testng.TestRunner.privateRun(TestRunner.java:829)
org.testng.TestRunner.run(TestRunner.java:602)
org.testng.SuiteRunner.runTest(SuiteRunner.java:437)
org.testng.SuiteRunner.runSequentially(SuiteRunner.java:431)
org.testng.SuiteRunner.privateRun(SuiteRunner.java:391)
org.testng.SuiteRunner.run(SuiteRunner.java:330)
org.testng.SuiteRunnerWorker.runSuite(SuiteRunnerWorker.java:52)
org.testng.SuiteRunnerWorker.run(SuiteRunnerWorker.java:95)
org.testng.TestNG.runSuitesSequentially(TestNG.java:1256)
org.testng.TestNG.runSuitesLocally(TestNG.java:1176)
org.testng.TestNG.runSuites(TestNG.java:1099)
org.testng.TestNG.run(TestNG.java:1067)
org.testng.remote.AbstractRemoteTestNG.run(AbstractRemoteTestNG.java:115)
org.testng.remote.RemoteTestNG.initAndRun(RemoteTestNG.java:251)
org.testng.remote.RemoteTestNG.main(RemoteTestNG.java:77)
